<?xml version="1.0" encoding="UTF-8"?>
<!-- Generated by org.testng.reporters.JUnitReportReporter -->
<testsuite skipped="0" hostname="KISHOR" name="com.testRunnersTestNG.TestNGTestRunner" tests="1" failures="0" timestamp="2022-12-13T11:47:17 IST" time="16.216" errors="0">
  <testcase name="runScenario" time="16.216" classname="com.testRunnersTestNG.TestNGTestRunner"/>
  <system-out/>
</testsuite> <!-- com.testRunnersTestNG.TestNGTestRunner -->
