<?xml version="1.0" encoding="UTF-8"?>
<!-- Generated by org.testng.reporters.JUnitReportReporter -->
<testsuite skipped="0" hostname="KISHOR" name="stepDefinitions.Landing_Page" tests="1" failures="0" timestamp="2022-12-13T12:15:07 IST" time="0.009" errors="0">
  <testcase name="test" time="0.009" classname="stepDefinitions.Landing_Page"/>
  <system-out/>
</testsuite> <!-- stepDefinitions.Landing_Page -->
