<?xml version="1.0" encoding="UTF-8"?>
<!-- Generated by org.testng.reporters.JUnitReportReporter -->
<testsuite skipped="0" hostname="KISHOR" name="stepDefinitions.Student_Login_Page" tests="1" failures="0" timestamp="2022-12-13T12:15:07 IST" time="0.001" errors="0">
  <testcase name="test1" time="0.001" classname="stepDefinitions.Student_Login_Page"/>
  <system-out/>
</testsuite> <!-- stepDefinitions.Student_Login_Page -->
